2020-11-07 22:01:27 - 正在删除*/eval目录下文件...
2020-11-07 22:01:27 - 待删除列表为空
2020-11-07 22:01:27 - 删除文件: C:\Users\Sun-JY\AppData\Roaming\JetBrains\WebStorm2020.2\eval\WebStorm202.evaluation.key
2020-11-07 22:01:27 - 删除文件: C:\Users\Sun-JY\AppData\Roaming\JetBrains\PyCharm2020.2\eval\PyCharm202.evaluation.key
2020-11-07 22:01:27 - 待删除列表为空
2020-11-07 22:01:27 - 待删除列表为空
2020-11-07 22:01:27 - 待删除列表为空
2020-11-07 22:01:27 - 待删除列表为空
2020-11-07 22:01:27 - 待删除列表为空
2020-11-07 22:01:27 - 待删除列表为空
2020-11-07 22:01:27 - 正在删除*/option/other.xml文件...
2020-11-07 22:01:27 - 待删除列表为空
2020-11-07 22:01:27 - 删除文件: C:\Users\Sun-JY\AppData\Roaming\JetBrains\WebStorm2020.2\options\other.xml
2020-11-07 22:01:27 - 删除文件: C:\Users\Sun-JY\AppData\Roaming\JetBrains\PyCharm2020.2\options\other.xml
2020-11-07 22:01:27 - 待删除列表为空
2020-11-07 22:01:27 - 待删除列表为空
2020-11-07 22:01:27 - 待删除列表为空
2020-11-07 22:01:27 - 待删除列表为空
2020-11-07 22:01:27 - 待删除列表为空
2020-11-07 22:01:27 - 待删除列表为空
2020-11-07 22:01:27 - 正在删除注册表jetbrains相关文件...
2020-11-07 22:01:42 - 正在删除*/eval目录下文件...
2020-11-07 22:01:42 - 待删除列表为空
2020-11-07 22:01:42 - 待删除列表为空
2020-11-07 22:01:42 - 待删除列表为空
2020-11-07 22:01:42 - 待删除列表为空
2020-11-07 22:01:42 - 待删除列表为空
2020-11-07 22:01:42 - 待删除列表为空
2020-11-07 22:01:42 - 待删除列表为空
2020-11-07 22:01:42 - 待删除列表为空
2020-11-07 22:01:42 - 待删除列表为空
2020-11-07 22:01:42 - 正在删除*/option/other.xml文件...
2020-11-07 22:01:42 - 待删除列表为空
2020-11-07 22:01:42 - 待删除列表为空
2020-11-07 22:01:42 - 待删除列表为空
2020-11-07 22:01:42 - 待删除列表为空
2020-11-07 22:01:42 - 待删除列表为空
2020-11-07 22:01:42 - 待删除列表为空
2020-11-07 22:01:42 - 待删除列表为空
2020-11-07 22:01:42 - 待删除列表为空
2020-11-07 22:01:42 - 待删除列表为空
2020-11-07 22:01:42 - 正在删除注册表jetbrains相关文件...
2020-11-07 22:03:20 - 正在删除*/eval目录下文件...
2020-11-07 22:03:20 - 待删除列表为空
2020-11-07 22:03:20 - 待删除列表为空
2020-11-07 22:03:20 - 删除文件: C:\Users\Sun-JY\AppData\Roaming\JetBrains\PyCharm2020.2\eval\PyCharm202.evaluation.key
2020-11-07 22:03:20 - 待删除列表为空
2020-11-07 22:03:20 - 待删除列表为空
2020-11-07 22:03:20 - 待删除列表为空
2020-11-07 22:03:20 - 待删除列表为空
2020-11-07 22:03:20 - 待删除列表为空
2020-11-07 22:03:20 - 待删除列表为空
2020-11-07 22:03:20 - 正在删除*/option/other.xml文件...
2020-11-07 22:03:20 - 待删除列表为空
2020-11-07 22:03:20 - 待删除列表为空
2020-11-07 22:03:20 - 删除文件: C:\Users\Sun-JY\AppData\Roaming\JetBrains\PyCharm2020.2\options\other.xml
2020-11-07 22:03:20 - 待删除列表为空
2020-11-07 22:03:20 - 待删除列表为空
2020-11-07 22:03:20 - 待删除列表为空
2020-11-07 22:03:20 - 待删除列表为空
2020-11-07 22:03:20 - 待删除列表为空
2020-11-07 22:03:20 - 待删除列表为空
2020-11-07 22:03:20 - 正在删除注册表jetbrains相关文件...
2020-11-07 22:06:18 - 正在删除*/eval目录下文件...
2020-11-07 22:06:18 - 待删除列表为空
2020-11-07 22:06:18 - 待删除列表为空
2020-11-07 22:06:18 - 待删除列表为空
2020-11-07 22:06:18 - 待删除列表为空
2020-11-07 22:06:18 - 待删除列表为空
2020-11-07 22:06:18 - 待删除列表为空
2020-11-07 22:06:18 - 待删除列表为空
2020-11-07 22:06:18 - 待删除列表为空
2020-11-07 22:06:18 - 待删除列表为空
2020-11-07 22:06:18 - 正在删除*/option/other.xml文件...
2020-11-07 22:06:18 - 待删除列表为空
2020-11-07 22:06:18 - 待删除列表为空
2020-11-07 22:06:18 - 待删除列表为空
2020-11-07 22:06:18 - 待删除列表为空
2020-11-07 22:06:18 - 待删除列表为空
2020-11-07 22:06:18 - 待删除列表为空
2020-11-07 22:06:18 - 待删除列表为空
2020-11-07 22:06:18 - 待删除列表为空
2020-11-07 22:06:18 - 待删除列表为空
2020-11-07 22:06:18 - 正在删除注册表jetbrains相关文件...
2020-11-07 22:17:22 - 正在删除*/eval目录下文件...
2020-11-07 22:17:22 - 待删除列表为空
2020-11-07 22:17:22 - 待删除列表为空
2020-11-07 22:17:22 - 待删除列表为空
2020-11-07 22:17:22 - 待删除列表为空
2020-11-07 22:17:22 - 待删除列表为空
2020-11-07 22:17:22 - 待删除列表为空
2020-11-07 22:17:22 - 待删除列表为空
2020-11-07 22:17:22 - 待删除列表为空
2020-11-07 22:17:22 - 待删除列表为空
2020-11-07 22:17:22 - 正在删除*/option/other.xml文件...
2020-11-07 22:17:22 - 待删除列表为空
2020-11-07 22:17:22 - 待删除列表为空
2020-11-07 22:17:22 - 待删除列表为空
2020-11-07 22:17:22 - 待删除列表为空
2020-11-07 22:17:22 - 待删除列表为空
2020-11-07 22:17:22 - 待删除列表为空
2020-11-07 22:17:22 - 待删除列表为空
2020-11-07 22:17:22 - 待删除列表为空
2020-11-07 22:17:22 - 待删除列表为空
2020-11-07 22:17:22 - 正在删除注册表jetbrains相关文件...
2020-11-07 22:17:29 - 正在删除*/eval目录下文件...
2020-11-07 22:17:29 - 待删除列表为空
2020-11-07 22:17:29 - 待删除列表为空
2020-11-07 22:17:29 - 待删除列表为空
2020-11-07 22:17:29 - 待删除列表为空
2020-11-07 22:17:29 - 待删除列表为空
2020-11-07 22:17:29 - 待删除列表为空
2020-11-07 22:17:29 - 待删除列表为空
2020-11-07 22:17:29 - 待删除列表为空
2020-11-07 22:17:29 - 待删除列表为空
2020-11-07 22:17:29 - 正在删除*/option/other.xml文件...
2020-11-07 22:17:29 - 待删除列表为空
2020-11-07 22:17:29 - 待删除列表为空
2020-11-07 22:17:29 - 待删除列表为空
2020-11-07 22:17:29 - 待删除列表为空
2020-11-07 22:17:29 - 待删除列表为空
2020-11-07 22:17:29 - 待删除列表为空
2020-11-07 22:17:29 - 待删除列表为空
2020-11-07 22:17:29 - 待删除列表为空
2020-11-07 22:17:29 - 待删除列表为空
2020-11-07 22:17:29 - 正在删除注册表jetbrains相关文件...
2020-11-07 22:17:37 - 正在删除*/eval目录下文件...
2020-11-07 22:17:37 - 待删除列表为空
2020-11-07 22:17:37 - 待删除列表为空
2020-11-07 22:17:37 - 待删除列表为空
2020-11-07 22:17:37 - 待删除列表为空
2020-11-07 22:17:37 - 待删除列表为空
2020-11-07 22:17:37 - 待删除列表为空
2020-11-07 22:17:37 - 待删除列表为空
2020-11-07 22:17:37 - 待删除列表为空
2020-11-07 22:17:37 - 待删除列表为空
2020-11-07 22:17:37 - 正在删除*/option/other.xml文件...
2020-11-07 22:17:37 - 待删除列表为空
2020-11-07 22:17:37 - 待删除列表为空
2020-11-07 22:17:37 - 待删除列表为空
2020-11-07 22:17:37 - 待删除列表为空
2020-11-07 22:17:37 - 待删除列表为空
2020-11-07 22:17:37 - 待删除列表为空
2020-11-07 22:17:37 - 待删除列表为空
2020-11-07 22:17:37 - 待删除列表为空
2020-11-07 22:17:37 - 待删除列表为空
2020-11-07 22:17:37 - 正在删除注册表jetbrains相关文件...
2020-11-07 22:19:37 - 正在删除*/eval目录下文件...
2020-11-07 22:19:37 - 待删除列表为空
2020-11-07 22:19:37 - 待删除列表为空
2020-11-07 22:19:37 - 待删除列表为空
2020-11-07 22:19:37 - 待删除列表为空
2020-11-07 22:19:37 - 待删除列表为空
2020-11-07 22:19:37 - 待删除列表为空
2020-11-07 22:19:37 - 待删除列表为空
2020-11-07 22:19:37 - 待删除列表为空
2020-11-07 22:19:37 - 待删除列表为空
2020-11-07 22:19:37 - 正在删除*/option/other.xml文件...
2020-11-07 22:19:37 - 待删除列表为空
2020-11-07 22:19:37 - 待删除列表为空
2020-11-07 22:19:37 - 待删除列表为空
2020-11-07 22:19:37 - 待删除列表为空
2020-11-07 22:19:37 - 待删除列表为空
2020-11-07 22:19:37 - 待删除列表为空
2020-11-07 22:19:37 - 待删除列表为空
2020-11-07 22:19:37 - 待删除列表为空
2020-11-07 22:19:37 - 待删除列表为空
2020-11-07 22:19:37 - 正在删除注册表jetbrains相关文件...
2020-11-07 22:21:04 - 正在删除*/eval目录下文件...
2020-11-07 22:21:04 - 待删除列表为空
2020-11-07 22:21:04 - 待删除列表为空
2020-11-07 22:21:04 - 待删除列表为空
2020-11-07 22:21:04 - 待删除列表为空
2020-11-07 22:21:04 - 待删除列表为空
2020-11-07 22:21:04 - 待删除列表为空
2020-11-07 22:21:04 - 待删除列表为空
2020-11-07 22:21:04 - 待删除列表为空
2020-11-07 22:21:04 - 待删除列表为空
2020-11-07 22:21:04 - 正在删除*/option/other.xml文件...
2020-11-07 22:21:04 - 待删除列表为空
2020-11-07 22:21:04 - 待删除列表为空
2020-11-07 22:21:04 - 待删除列表为空
2020-11-07 22:21:04 - 待删除列表为空
2020-11-07 22:21:04 - 待删除列表为空
2020-11-07 22:21:04 - 待删除列表为空
2020-11-07 22:21:04 - 待删除列表为空
2020-11-07 22:21:04 - 待删除列表为空
2020-11-07 22:21:04 - 待删除列表为空
2020-11-07 22:21:04 - 正在删除注册表jetbrains相关文件...
2020-11-07 22:24:01 - 正在删除*/eval目录下文件...
2020-11-07 22:24:01 - 待删除列表为空
2020-11-07 22:24:01 - 待删除列表为空
2020-11-07 22:24:01 - 待删除列表为空
2020-11-07 22:24:01 - 待删除列表为空
2020-11-07 22:24:01 - 待删除列表为空
2020-11-07 22:24:01 - 待删除列表为空
2020-11-07 22:24:01 - 待删除列表为空
2020-11-07 22:24:01 - 待删除列表为空
2020-11-07 22:24:01 - 待删除列表为空
2020-11-07 22:24:01 - 正在删除*/option/other.xml文件...
2020-11-07 22:24:01 - 待删除列表为空
2020-11-07 22:24:01 - 待删除列表为空
2020-11-07 22:24:01 - 待删除列表为空
2020-11-07 22:24:01 - 待删除列表为空
2020-11-07 22:24:01 - 待删除列表为空
2020-11-07 22:24:01 - 待删除列表为空
2020-11-07 22:24:01 - 待删除列表为空
2020-11-07 22:24:01 - 待删除列表为空
2020-11-07 22:24:01 - 待删除列表为空
2020-11-07 22:24:01 - 正在删除注册表jetbrains相关文件...
2020-11-07 22:24:44 - 正在删除*/eval目录下文件...
2020-11-07 22:24:44 - 待删除列表为空
2020-11-07 22:24:44 - 待删除列表为空
2020-11-07 22:24:44 - 待删除列表为空
2020-11-07 22:24:44 - 待删除列表为空
2020-11-07 22:24:44 - 待删除列表为空
2020-11-07 22:24:44 - 待删除列表为空
2020-11-07 22:24:44 - 待删除列表为空
2020-11-07 22:24:44 - 待删除列表为空
2020-11-07 22:24:44 - 待删除列表为空
2020-11-07 22:24:44 - 正在删除*/option/other.xml文件...
2020-11-07 22:24:44 - 待删除列表为空
2020-11-07 22:24:44 - 待删除列表为空
2020-11-07 22:24:44 - 待删除列表为空
2020-11-07 22:24:44 - 待删除列表为空
2020-11-07 22:24:44 - 待删除列表为空
2020-11-07 22:24:44 - 待删除列表为空
2020-11-07 22:24:44 - 待删除列表为空
2020-11-07 22:24:44 - 待删除列表为空
2020-11-07 22:24:44 - 待删除列表为空
2020-11-07 22:24:44 - 正在删除注册表jetbrains相关文件...
2020-11-07 22:25:26 - 正在删除*/eval目录下文件...
2020-11-07 22:25:26 - 待删除列表为空
2020-11-07 22:25:26 - 待删除列表为空
2020-11-07 22:25:26 - 待删除列表为空
2020-11-07 22:25:26 - 待删除列表为空
2020-11-07 22:25:26 - 待删除列表为空
2020-11-07 22:25:26 - 待删除列表为空
2020-11-07 22:25:26 - 待删除列表为空
2020-11-07 22:25:26 - 待删除列表为空
2020-11-07 22:25:26 - 待删除列表为空
2020-11-07 22:25:26 - 正在删除*/option/other.xml文件...
2020-11-07 22:25:26 - 待删除列表为空
2020-11-07 22:25:26 - 待删除列表为空
2020-11-07 22:25:26 - 待删除列表为空
2020-11-07 22:25:26 - 待删除列表为空
2020-11-07 22:25:26 - 待删除列表为空
2020-11-07 22:25:26 - 待删除列表为空
2020-11-07 22:25:26 - 待删除列表为空
2020-11-07 22:25:26 - 待删除列表为空
2020-11-07 22:25:26 - 待删除列表为空
2020-11-07 22:25:26 - 正在删除注册表jetbrains相关文件...
2020-11-07 22:26:57 - 正在删除*/eval目录下文件...
2020-11-07 22:26:57 - 待删除列表为空
2020-11-07 22:26:57 - 待删除列表为空
2020-11-07 22:26:57 - 待删除列表为空
2020-11-07 22:26:57 - 待删除列表为空
2020-11-07 22:26:57 - 待删除列表为空
2020-11-07 22:26:57 - 待删除列表为空
2020-11-07 22:26:57 - 待删除列表为空
2020-11-07 22:26:57 - 待删除列表为空
2020-11-07 22:26:57 - 待删除列表为空
2020-11-07 22:26:57 - 正在删除*/option/other.xml文件...
2020-11-07 22:26:57 - 待删除列表为空
2020-11-07 22:26:57 - 待删除列表为空
2020-11-07 22:26:57 - 待删除列表为空
2020-11-07 22:26:57 - 待删除列表为空
2020-11-07 22:26:57 - 待删除列表为空
2020-11-07 22:26:57 - 待删除列表为空
2020-11-07 22:26:57 - 待删除列表为空
2020-11-07 22:26:57 - 待删除列表为空
2020-11-07 22:26:57 - 待删除列表为空
2020-11-07 22:26:57 - 正在删除注册表jetbrains相关文件...
2020-11-07 22:27:03 - 正在删除*/eval目录下文件...
2020-11-07 22:27:03 - 待删除列表为空
2020-11-07 22:27:03 - 待删除列表为空
2020-11-07 22:27:03 - 待删除列表为空
2020-11-07 22:27:03 - 待删除列表为空
2020-11-07 22:27:03 - 待删除列表为空
2020-11-07 22:27:03 - 待删除列表为空
2020-11-07 22:27:03 - 待删除列表为空
2020-11-07 22:27:03 - 待删除列表为空
2020-11-07 22:27:03 - 待删除列表为空
2020-11-07 22:27:03 - 正在删除*/option/other.xml文件...
2020-11-07 22:27:03 - 待删除列表为空
2020-11-07 22:27:03 - 待删除列表为空
2020-11-07 22:27:03 - 待删除列表为空
2020-11-07 22:27:03 - 待删除列表为空
2020-11-07 22:27:03 - 待删除列表为空
2020-11-07 22:27:03 - 待删除列表为空
2020-11-07 22:27:03 - 待删除列表为空
2020-11-07 22:27:03 - 待删除列表为空
2020-11-07 22:27:03 - 待删除列表为空
2020-11-07 22:27:03 - 正在删除注册表jetbrains相关文件...
2020-11-07 22:28:35 - 正在删除*/eval目录下文件...
2020-11-07 22:28:35 - 待删除列表为空
2020-11-07 22:28:35 - 待删除列表为空
2020-11-07 22:28:35 - 待删除列表为空
2020-11-07 22:28:35 - 待删除列表为空
2020-11-07 22:28:35 - 待删除列表为空
2020-11-07 22:28:35 - 待删除列表为空
2020-11-07 22:28:35 - 待删除列表为空
2020-11-07 22:28:35 - 待删除列表为空
2020-11-07 22:28:35 - 待删除列表为空
2020-11-07 22:28:35 - 正在删除*/option/other.xml文件...
2020-11-07 22:28:35 - 待删除列表为空
2020-11-07 22:28:35 - 待删除列表为空
2020-11-07 22:28:35 - 待删除列表为空
2020-11-07 22:28:35 - 待删除列表为空
2020-11-07 22:28:35 - 待删除列表为空
2020-11-07 22:28:35 - 待删除列表为空
2020-11-07 22:28:35 - 待删除列表为空
2020-11-07 22:28:35 - 待删除列表为空
2020-11-07 22:28:35 - 待删除列表为空
2020-11-07 22:28:35 - 正在删除注册表jetbrains相关文件...
2020-11-07 22:35:26 - 正在删除*/eval目录下文件...
2020-11-07 22:35:26 - 待删除列表为空
2020-11-07 22:35:26 - 待删除列表为空
2020-11-07 22:35:26 - 待删除列表为空
2020-11-07 22:35:26 - 待删除列表为空
2020-11-07 22:35:26 - 待删除列表为空
2020-11-07 22:35:26 - 待删除列表为空
2020-11-07 22:35:26 - 待删除列表为空
2020-11-07 22:35:26 - 待删除列表为空
2020-11-07 22:35:26 - 待删除列表为空
2020-11-07 22:35:26 - 正在删除*/option/other.xml文件...
2020-11-07 22:35:26 - 待删除列表为空
2020-11-07 22:35:26 - 待删除列表为空
2020-11-07 22:35:26 - 待删除列表为空
2020-11-07 22:35:26 - 待删除列表为空
2020-11-07 22:35:26 - 待删除列表为空
2020-11-07 22:35:26 - 待删除列表为空
2020-11-07 22:35:26 - 待删除列表为空
2020-11-07 22:35:26 - 待删除列表为空
2020-11-07 22:35:26 - 待删除列表为空
2020-11-07 22:35:26 - 正在删除注册表jetbrains相关文件...
2020-11-07 22:35:43 - 正在删除*/eval目录下文件...
2020-11-07 22:35:43 - 待删除列表为空
2020-11-07 22:35:43 - 待删除列表为空
2020-11-07 22:35:43 - 待删除列表为空
2020-11-07 22:35:43 - 待删除列表为空
2020-11-07 22:35:43 - 待删除列表为空
2020-11-07 22:35:43 - 待删除列表为空
2020-11-07 22:35:43 - 待删除列表为空
2020-11-07 22:35:43 - 待删除列表为空
2020-11-07 22:35:43 - 待删除列表为空
2020-11-07 22:35:43 - 正在删除*/option/other.xml文件...
2020-11-07 22:35:43 - 待删除列表为空
2020-11-07 22:35:43 - 待删除列表为空
2020-11-07 22:35:43 - 待删除列表为空
2020-11-07 22:35:43 - 待删除列表为空
2020-11-07 22:35:43 - 待删除列表为空
2020-11-07 22:35:43 - 待删除列表为空
2020-11-07 22:35:43 - 待删除列表为空
2020-11-07 22:35:43 - 待删除列表为空
2020-11-07 22:35:43 - 待删除列表为空
2020-11-07 22:35:43 - 正在删除注册表jetbrains相关文件...
2020-11-07 22:36:09 - 正在删除*/eval目录下文件...
2020-11-07 22:36:09 - 待删除列表为空
2020-11-07 22:36:09 - 待删除列表为空
2020-11-07 22:36:09 - 待删除列表为空
2020-11-07 22:36:09 - 待删除列表为空
2020-11-07 22:36:09 - 待删除列表为空
2020-11-07 22:36:09 - 待删除列表为空
2020-11-07 22:36:09 - 待删除列表为空
2020-11-07 22:36:09 - 待删除列表为空
2020-11-07 22:36:09 - 待删除列表为空
2020-11-07 22:36:09 - 正在删除*/option/other.xml文件...
2020-11-07 22:36:09 - 待删除列表为空
2020-11-07 22:36:09 - 待删除列表为空
2020-11-07 22:36:09 - 待删除列表为空
2020-11-07 22:36:09 - 待删除列表为空
2020-11-07 22:36:09 - 待删除列表为空
2020-11-07 22:36:09 - 待删除列表为空
2020-11-07 22:36:09 - 待删除列表为空
2020-11-07 22:36:09 - 待删除列表为空
2020-11-07 22:36:09 - 待删除列表为空
2020-11-07 22:36:09 - 正在删除注册表jetbrains相关文件...
2020-11-07 22:36:21 - 正在删除*/eval目录下文件...
2020-11-07 22:36:21 - 待删除列表为空
2020-11-07 22:36:21 - 待删除列表为空
2020-11-07 22:36:21 - 待删除列表为空
2020-11-07 22:36:21 - 待删除列表为空
2020-11-07 22:36:21 - 待删除列表为空
2020-11-07 22:36:21 - 待删除列表为空
2020-11-07 22:36:21 - 待删除列表为空
2020-11-07 22:36:21 - 待删除列表为空
2020-11-07 22:36:21 - 待删除列表为空
2020-11-07 22:36:21 - 正在删除*/option/other.xml文件...
2020-11-07 22:36:21 - 待删除列表为空
2020-11-07 22:36:21 - 待删除列表为空
2020-11-07 22:36:21 - 待删除列表为空
2020-11-07 22:36:21 - 待删除列表为空
2020-11-07 22:36:21 - 待删除列表为空
2020-11-07 22:36:21 - 待删除列表为空
2020-11-07 22:36:21 - 待删除列表为空
2020-11-07 22:36:21 - 待删除列表为空
2020-11-07 22:36:21 - 待删除列表为空
2020-11-07 22:36:21 - 正在删除注册表jetbrains相关文件...
2020-11-07 22:37:02 - 正在删除*/eval目录下文件...
2020-11-07 22:37:02 - 待删除列表为空
2020-11-07 22:37:02 - 待删除列表为空
2020-11-07 22:37:02 - 待删除列表为空
2020-11-07 22:37:02 - 待删除列表为空
2020-11-07 22:37:02 - 待删除列表为空
2020-11-07 22:37:02 - 待删除列表为空
2020-11-07 22:37:02 - 待删除列表为空
2020-11-07 22:37:02 - 待删除列表为空
2020-11-07 22:37:02 - 待删除列表为空
2020-11-07 22:37:02 - 正在删除*/option/other.xml文件...
2020-11-07 22:37:02 - 待删除列表为空
2020-11-07 22:37:02 - 待删除列表为空
2020-11-07 22:37:02 - 待删除列表为空
2020-11-07 22:37:02 - 待删除列表为空
2020-11-07 22:37:02 - 待删除列表为空
2020-11-07 22:37:02 - 待删除列表为空
2020-11-07 22:37:02 - 待删除列表为空
2020-11-07 22:37:02 - 待删除列表为空
2020-11-07 22:37:02 - 待删除列表为空
2020-11-07 22:37:02 - 正在删除注册表jetbrains相关项...
